{"C:\\Users\\paul\\repos\\javascript-exercises\\01_helloWorld\\helloWorld.js": {"path":"C:\\Users\\paul\\repos\\javascript-exercises\\01_helloWorld\\helloWorld.js","statementMap":{"0":{"start":{"line":1,"column":19},"end":{"line":3,"column":1}},"1":{"start":{"line":2,"column":2},"end":{"line":2,"column":24}},"2":{"start":{"line":5,"column":0},"end":{"line":5,"column":28}}},"fnMap":{"0":{"name":"(anonymous_0)","decl":{"start":{"line":1,"column":19},"end":{"line":1,"column":20}},"loc":{"start":{"line":1,"column":30},"end":{"line":3,"column":1}},"line":1}},"branchMap":{},"s":{"0":1,"1":1,"2":1},"f":{"0":1},"b":{},"_coverageSchema":"1a1c01bbd47fc00a2c39e90264f33305004495a9","hash":"520d6667092fee01106ee1cb940fef6ca3f463f1"}
,"C:\\Users\\paul\\repos\\javascript-exercises\\01_helloWorld\\solution\\helloWorld-solution.js": {"path":"C:\\Users\\paul\\repos\\javascript-exercises\\01_helloWorld\\solution\\helloWorld-solution.js","statementMap":{"0":{"start":{"line":1,"column":19},"end":{"line":3,"column":1}},"1":{"start":{"line":2,"column":2},"end":{"line":2,"column":25}},"2":{"start":{"line":5,"column":0},"end":{"line":5,"column":28}}},"fnMap":{"0":{"name":"(anonymous_0)","decl":{"start":{"line":1,"column":19},"end":{"line":1,"column":20}},"loc":{"start":{"line":1,"column":31},"end":{"line":3,"column":1}},"line":1}},"branchMap":{},"s":{"0":1,"1":1,"2":1},"f":{"0":1},"b":{},"_coverageSchema":"1a1c01bbd47fc00a2c39e90264f33305004495a9","hash":"f1e9a347c11311788621e54f8e216e6e15d53d94"}
,"C:\\Users\\paul\\repos\\javascript-exercises\\02_repeatString\\repeatString.js": {"path":"C:\\Users\\paul\\repos\\javascript-exercises\\02_repeatString\\repeatString.js","statementMap":{"0":{"start":{"line":1,"column":21},"end":{"line":12,"column":1}},"1":{"start":{"line":2,"column":12},"end":{"line":2,"column":14}},"2":{"start":{"line":3,"column":2},"end":{"line":5,"column":3}},"3":{"start":{"line":3,"column":15},"end":{"line":3,"column":16}},"4":{"start":{"line":4,"column":4},"end":{"line":4,"column":18}},"5":{"start":{"line":6,"column":2},"end":{"line":11,"column":3}},"6":{"start":{"line":7,"column":4},"end":{"line":7,"column":15}},"7":{"start":{"line":10,"column":4},"end":{"line":10,"column":19}},"8":{"start":{"line":15,"column":0},"end":{"line":15,"column":30}}},"fnMap":{"0":{"name":"(anonymous_0)","decl":{"start":{"line":1,"column":21},"end":{"line":1,"column":22}},"loc":{"start":{"line":1,"column":44},"end":{"line":12,"column":1}},"line":1}},"branchMap":{"0":{"loc":{"start":{"line":6,"column":2},"end":{"line":11,"column":3}},"type":"if","locations":[{"start":{"line":6,"column":2},"end":{"line":11,"column":3}},{"start":{"line":9,"column":7},"end":{"line":11,"column":3}}],"line":6}},"s":{"0":1,"1":7,"2":7,"3":7,"4":979,"5":7,"6":6,"7":1,"8":1},"f":{"0":7},"b":{"0":[6,1]},"_coverageSchema":"1a1c01bbd47fc00a2c39e90264f33305004495a9","hash":"3f1ff7b2da171f861cbdf0a679184b5cca2924ef"}
,"C:\\Users\\paul\\repos\\javascript-exercises\\02_repeatString\\solution\\repeatString-solution.js": {"path":"C:\\Users\\paul\\repos\\javascript-exercises\\02_repeatString\\solution\\repeatString-solution.js","statementMap":{"0":{"start":{"line":1,"column":21},"end":{"line":8,"column":1}},"1":{"start":{"line":2,"column":2},"end":{"line":2,"column":32}},"2":{"start":{"line":2,"column":17},"end":{"line":2,"column":32}},"3":{"start":{"line":3,"column":15},"end":{"line":3,"column":17}},"4":{"start":{"line":4,"column":2},"end":{"line":6,"column":3}},"5":{"start":{"line":4,"column":15},"end":{"line":4,"column":16}},"6":{"start":{"line":5,"column":4},"end":{"line":5,"column":19}},"7":{"start":{"line":7,"column":2},"end":{"line":7,"column":16}},"8":{"start":{"line":10,"column":0},"end":{"line":10,"column":30}}},"fnMap":{"0":{"name":"(anonymous_0)","decl":{"start":{"line":1,"column":21},"end":{"line":1,"column":22}},"loc":{"start":{"line":1,"column":44},"end":{"line":8,"column":1}},"line":1}},"branchMap":{"0":{"loc":{"start":{"line":2,"column":2},"end":{"line":2,"column":32}},"type":"if","locations":[{"start":{"line":2,"column":2},"end":{"line":2,"column":32}},{"start":{},"end":{}}],"line":2}},"s":{"0":1,"1":7,"2":1,"3":6,"4":6,"5":6,"6":485,"7":6,"8":1},"f":{"0":7},"b":{"0":[1,6]},"_coverageSchema":"1a1c01bbd47fc00a2c39e90264f33305004495a9","hash":"c09c8df684ac347ede8d0e388c72806c0ee61efd"}
,"C:\\Users\\paul\\repos\\javascript-exercises\\03_reverseString\\reverseString.js": {"path":"C:\\Users\\paul\\repos\\javascript-exercises\\03_reverseString\\reverseString.js","statementMap":{"0":{"start":{"line":1,"column":22},"end":{"line":5,"column":1}},"1":{"start":{"line":2,"column":12},"end":{"line":2,"column":25}},"2":{"start":{"line":3,"column":2},"end":{"line":3,"column":16}},"3":{"start":{"line":4,"column":2},"end":{"line":4,"column":22}},"4":{"start":{"line":8,"column":0},"end":{"line":8,"column":31}}},"fnMap":{"0":{"name":"(anonymous_0)","decl":{"start":{"line":1,"column":22},"end":{"line":1,"column":23}},"loc":{"start":{"line":1,"column":36},"end":{"line":5,"column":1}},"line":1}},"branchMap":{},"s":{"0":1,"1":4,"2":4,"3":4,"4":1},"f":{"0":4},"b":{},"_coverageSchema":"1a1c01bbd47fc00a2c39e90264f33305004495a9","hash":"43099ce9b3a43b6b6a1073818272d22b32bb43db"}
,"C:\\Users\\paul\\repos\\javascript-exercises\\03_reverseString\\solution\\reverseString-solution.js": {"path":"C:\\Users\\paul\\repos\\javascript-exercises\\03_reverseString\\solution\\reverseString-solution.js","statementMap":{"0":{"start":{"line":1,"column":22},"end":{"line":3,"column":1}},"1":{"start":{"line":2,"column":2},"end":{"line":2,"column":45}},"2":{"start":{"line":5,"column":0},"end":{"line":5,"column":31}}},"fnMap":{"0":{"name":"(anonymous_0)","decl":{"start":{"line":1,"column":22},"end":{"line":1,"column":23}},"loc":{"start":{"line":1,"column":40},"end":{"line":3,"column":1}},"line":1}},"branchMap":{},"s":{"0":1,"1":4,"2":1},"f":{"0":4},"b":{},"_coverageSchema":"1a1c01bbd47fc00a2c39e90264f33305004495a9","hash":"83a602441b4fa7e2126d7f63ec34e8c23b26818e"}
,"C:\\Users\\paul\\repos\\javascript-exercises\\04_removeFromArray\\removeFromArray.js": {"path":"C:\\Users\\paul\\repos\\javascript-exercises\\04_removeFromArray\\removeFromArray.js","statementMap":{"0":{"start":{"line":1,"column":24},"end":{"line":9,"column":1}},"1":{"start":{"line":2,"column":2},"end":{"line":7,"column":3}},"2":{"start":{"line":3,"column":4},"end":{"line":6,"column":5}},"3":{"start":{"line":5,"column":6},"end":{"line":5,"column":37}},"4":{"start":{"line":5,"column":28},"end":{"line":5,"column":35}},"5":{"start":{"line":8,"column":2},"end":{"line":8,"column":13}},"6":{"start":{"line":12,"column":0},"end":{"line":12,"column":33}}},"fnMap":{"0":{"name":"(anonymous_0)","decl":{"start":{"line":1,"column":24},"end":{"line":1,"column":25}},"loc":{"start":{"line":1,"column":48},"end":{"line":9,"column":1}},"line":1},"1":{"name":"(anonymous_1)","decl":{"start":{"line":5,"column":23},"end":{"line":5,"column":24}},"loc":{"start":{"line":5,"column":28},"end":{"line":5,"column":35}},"line":5}},"branchMap":{"0":{"loc":{"start":{"line":3,"column":4},"end":{"line":6,"column":5}},"type":"if","locations":[{"start":{"line":3,"column":4},"end":{"line":6,"column":5}},{"start":{},"end":{}}],"line":3}},"s":{"0":1,"1":8,"2":16,"3":12,"4":39,"5":8,"6":1},"f":{"0":8,"1":39},"b":{"0":[12,4]},"_coverageSchema":"1a1c01bbd47fc00a2c39e90264f33305004495a9","hash":"d6ffb52c3319afe942bdab55e84215b33154727c"}
,"C:\\Users\\paul\\repos\\javascript-exercises\\04_removeFromArray\\solution\\removeFromArray-solution.js": {"path":"C:\\Users\\paul\\repos\\javascript-exercises\\04_removeFromArray\\solution\\removeFromArray-solution.js","statementMap":{"0":{"start":{"line":4,"column":24},"end":{"line":18,"column":1}},"1":{"start":{"line":6,"column":19},"end":{"line":6,"column":21}},"2":{"start":{"line":8,"column":2},"end":{"line":15,"column":5}},"3":{"start":{"line":12,"column":4},"end":{"line":14,"column":5}},"4":{"start":{"line":13,"column":6},"end":{"line":13,"column":26}},"5":{"start":{"line":17,"column":2},"end":{"line":17,"column":18}},"6":{"start":{"line":28,"column":0},"end":{"line":28,"column":33}}},"fnMap":{"0":{"name":"(anonymous_0)","decl":{"start":{"line":4,"column":24},"end":{"line":4,"column":25}},"loc":{"start":{"line":4,"column":50},"end":{"line":18,"column":1}},"line":4},"1":{"name":"(anonymous_1)","decl":{"start":{"line":8,"column":16},"end":{"line":8,"column":17}},"loc":{"start":{"line":8,"column":26},"end":{"line":15,"column":3}},"line":8}},"branchMap":{"0":{"loc":{"start":{"line":12,"column":4},"end":{"line":14,"column":5}},"type":"if","locations":[{"start":{"line":12,"column":4},"end":{"line":14,"column":5}},{"start":{},"end":{}}],"line":12}},"s":{"0":1,"1":8,"2":8,"3":31,"4":18,"5":8,"6":1},"f":{"0":8,"1":31},"b":{"0":[18,13]},"_coverageSchema":"1a1c01bbd47fc00a2c39e90264f33305004495a9","hash":"2d62e48cb98251bf2452bd1ad0e8280c3f96782b"}
,"C:\\Users\\paul\\repos\\javascript-exercises\\05_sumAll\\sumAll.js": {"path":"C:\\Users\\paul\\repos\\javascript-exercises\\05_sumAll\\sumAll.js","statementMap":{"0":{"start":{"line":1,"column":15},"end":{"line":11,"column":1}},"1":{"start":{"line":2,"column":10},"end":{"line":2,"column":11}},"2":{"start":{"line":3,"column":2},"end":{"line":10,"column":3}},"3":{"start":{"line":4,"column":4},"end":{"line":6,"column":5}},"4":{"start":{"line":4,"column":17},"end":{"line":4,"column":31}},"5":{"start":{"line":5,"column":6},"end":{"line":5,"column":13}},"6":{"start":{"line":7,"column":4},"end":{"line":7,"column":13}},"7":{"start":{"line":9,"column":4},"end":{"line":9,"column":19}},"8":{"start":{"line":14,"column":0},"end":{"line":14,"column":24}}},"fnMap":{"0":{"name":"(anonymous_0)","decl":{"start":{"line":1,"column":15},"end":{"line":1,"column":16}},"loc":{"start":{"line":1,"column":31},"end":{"line":11,"column":1}},"line":1}},"branchMap":{"0":{"loc":{"start":{"line":3,"column":2},"end":{"line":10,"column":3}},"type":"if","locations":[{"start":{"line":3,"column":2},"end":{"line":10,"column":3}},{"start":{"line":8,"column":9},"end":{"line":10,"column":3}}],"line":3},"1":{"loc":{"start":{"line":3,"column":6},"end":{"line":3,"column":59}},"type":"binary-expr","locations":[{"start":{"line":3,"column":6},"end":{"line":3,"column":11}},{"start":{"line":3,"column":15},"end":{"line":3,"column":34}},{"start":{"line":3,"column":38},"end":{"line":3,"column":59}}],"line":3}},"s":{"0":1,"1":7,"2":7,"3":3,"4":3,"5":4127,"6":3,"7":4,"8":1},"f":{"0":7},"b":{"0":[3,4],"1":[7,6,5]},"_coverageSchema":"1a1c01bbd47fc00a2c39e90264f33305004495a9","hash":"d71c8d4cff3f8f29b70e6bd02cb3737cc3a994c0"}
,"C:\\Users\\paul\\repos\\javascript-exercises\\05_sumAll\\solution\\sumAll-solution.js": {"path":"C:\\Users\\paul\\repos\\javascript-exercises\\05_sumAll\\solution\\sumAll-solution.js","statementMap":{"0":{"start":{"line":1,"column":15},"end":{"line":19,"column":1}},"1":{"start":{"line":2,"column":2},"end":{"line":2,"column":71}},"2":{"start":{"line":2,"column":56},"end":{"line":2,"column":71}},"3":{"start":{"line":3,"column":2},"end":{"line":3,"column":41}},"4":{"start":{"line":3,"column":26},"end":{"line":3,"column":41}},"5":{"start":{"line":4,"column":2},"end":{"line":8,"column":3}},"6":{"start":{"line":5,"column":17},"end":{"line":5,"column":20}},"7":{"start":{"line":6,"column":4},"end":{"line":6,"column":14}},"8":{"start":{"line":7,"column":4},"end":{"line":7,"column":15}},"9":{"start":{"line":14,"column":12},"end":{"line":14,"column":13}},"10":{"start":{"line":15,"column":2},"end":{"line":17,"column":3}},"11":{"start":{"line":15,"column":15},"end":{"line":15,"column":18}},"12":{"start":{"line":16,"column":4},"end":{"line":16,"column":13}},"13":{"start":{"line":18,"column":2},"end":{"line":18,"column":13}},"14":{"start":{"line":21,"column":0},"end":{"line":21,"column":24}}},"fnMap":{"0":{"name":"(anonymous_0)","decl":{"start":{"line":1,"column":15},"end":{"line":1,"column":16}},"loc":{"start":{"line":1,"column":35},"end":{"line":19,"column":1}},"line":1}},"branchMap":{"0":{"loc":{"start":{"line":2,"column":2},"end":{"line":2,"column":71}},"type":"if","locations":[{"start":{"line":2,"column":2},"end":{"line":2,"column":71}},{"start":{},"end":{}}],"line":2},"1":{"loc":{"start":{"line":2,"column":6},"end":{"line":2,"column":54}},"type":"binary-expr","locations":[{"start":{"line":2,"column":6},"end":{"line":2,"column":28}},{"start":{"line":2,"column":32},"end":{"line":2,"column":54}}],"line":2},"2":{"loc":{"start":{"line":3,"column":2},"end":{"line":3,"column":41}},"type":"if","locations":[{"start":{"line":3,"column":2},"end":{"line":3,"column":41}},{"start":{},"end":{}}],"line":3},"3":{"loc":{"start":{"line":3,"column":6},"end":{"line":3,"column":24}},"type":"binary-expr","locations":[{"start":{"line":3,"column":6},"end":{"line":3,"column":13}},{"start":{"line":3,"column":17},"end":{"line":3,"column":24}}],"line":3},"4":{"loc":{"start":{"line":4,"column":2},"end":{"line":8,"column":3}},"type":"if","locations":[{"start":{"line":4,"column":2},"end":{"line":8,"column":3}},{"start":{},"end":{}}],"line":4}},"s":{"0":1,"1":7,"2":3,"3":4,"4":1,"5":3,"6":1,"7":1,"8":1,"9":3,"10":3,"11":3,"12":4127,"13":3,"14":1},"f":{"0":7},"b":{"0":[3,4],"1":[7,6],"2":[1,3],"3":[4,3],"4":[1,2]},"_coverageSchema":"1a1c01bbd47fc00a2c39e90264f33305004495a9","hash":"d450100f0eca541082dc5e3296f9692522fa0a83"}
,"C:\\Users\\paul\\repos\\javascript-exercises\\06_leapYears\\leapYears.js": {"path":"C:\\Users\\paul\\repos\\javascript-exercises\\06_leapYears\\leapYears.js","statementMap":{"0":{"start":{"line":1,"column":18},"end":{"line":17,"column":1}},"1":{"start":{"line":3,"column":2},"end":{"line":16,"column":3}},"2":{"start":{"line":4,"column":4},"end":{"line":12,"column":5}},"3":{"start":{"line":5,"column":6},"end":{"line":9,"column":7}},"4":{"start":{"line":6,"column":8},"end":{"line":6,"column":20}},"5":{"start":{"line":8,"column":8},"end":{"line":8,"column":21}},"6":{"start":{"line":11,"column":6},"end":{"line":11,"column":18}},"7":{"start":{"line":15,"column":4},"end":{"line":15,"column":17}},"8":{"start":{"line":20,"column":0},"end":{"line":20,"column":27}}},"fnMap":{"0":{"name":"(anonymous_0)","decl":{"start":{"line":1,"column":18},"end":{"line":1,"column":19}},"loc":{"start":{"line":1,"column":33},"end":{"line":17,"column":1}},"line":1}},"branchMap":{"0":{"loc":{"start":{"line":3,"column":2},"end":{"line":16,"column":3}},"type":"if","locations":[{"start":{"line":3,"column":2},"end":{"line":16,"column":3}},{"start":{"line":14,"column":7},"end":{"line":16,"column":3}}],"line":3},"1":{"loc":{"start":{"line":4,"column":4},"end":{"line":12,"column":5}},"type":"if","locations":[{"start":{"line":4,"column":4},"end":{"line":12,"column":5}},{"start":{"line":10,"column":11},"end":{"line":12,"column":5}}],"line":4},"2":{"loc":{"start":{"line":5,"column":6},"end":{"line":9,"column":7}},"type":"if","locations":[{"start":{"line":5,"column":6},"end":{"line":9,"column":7}},{"start":{"line":7,"column":13},"end":{"line":9,"column":7}}],"line":5}},"s":{"0":1,"1":6,"2":5,"3":3,"4":1,"5":2,"6":2,"7":1,"8":1},"f":{"0":6},"b":{"0":[5,1],"1":[3,2],"2":[1,2]},"_coverageSchema":"1a1c01bbd47fc00a2c39e90264f33305004495a9","hash":"7f1d4cc1d3ae4a63d2ae670f54b1c035fbb8c382"}
,"C:\\Users\\paul\\repos\\javascript-exercises\\06_leapYears\\solution\\leapYears-solution.js": {"path":"C:\\Users\\paul\\repos\\javascript-exercises\\06_leapYears\\solution\\leapYears-solution.js","statementMap":{"0":{"start":{"line":1,"column":18},"end":{"line":14,"column":1}},"1":{"start":{"line":2,"column":32},"end":{"line":2,"column":46}},"2":{"start":{"line":3,"column":20},"end":{"line":3,"column":36}},"3":{"start":{"line":4,"column":39},"end":{"line":4,"column":55}},"4":{"start":{"line":6,"column":2},"end":{"line":13,"column":3}},"5":{"start":{"line":10,"column":4},"end":{"line":10,"column":16}},"6":{"start":{"line":12,"column":4},"end":{"line":12,"column":17}},"7":{"start":{"line":16,"column":0},"end":{"line":16,"column":27}}},"fnMap":{"0":{"name":"(anonymous_0)","decl":{"start":{"line":1,"column":18},"end":{"line":1,"column":19}},"loc":{"start":{"line":1,"column":34},"end":{"line":14,"column":1}},"line":1}},"branchMap":{"0":{"loc":{"start":{"line":6,"column":2},"end":{"line":13,"column":3}},"type":"if","locations":[{"start":{"line":6,"column":2},"end":{"line":13,"column":3}},{"start":{"line":11,"column":9},"end":{"line":13,"column":3}}],"line":6},"1":{"loc":{"start":{"line":7,"column":4},"end":{"line":8,"column":48}},"type":"binary-expr","locations":[{"start":{"line":7,"column":4},"end":{"line":7,"column":25}},{"start":{"line":8,"column":5},"end":{"line":8,"column":15}},{"start":{"line":8,"column":19},"end":{"line":8,"column":47}}],"line":7}},"s":{"0":1,"1":6,"2":6,"3":6,"4":6,"5":3,"6":3,"7":1},"f":{"0":6},"b":{"0":[3,3],"1":[6,5,3]},"_coverageSchema":"1a1c01bbd47fc00a2c39e90264f33305004495a9","hash":"ac733fd514e5d08a2905eb3907c075e5c5b62595"}
,"C:\\Users\\paul\\repos\\javascript-exercises\\07_tempConversion\\tempConversion.js": {"path":"C:\\Users\\paul\\repos\\javascript-exercises\\07_tempConversion\\tempConversion.js","statementMap":{"0":{"start":{"line":1,"column":25},"end":{"line":4,"column":1}},"1":{"start":{"line":2,"column":16},"end":{"line":2,"column":43}},"2":{"start":{"line":3,"column":2},"end":{"line":3,"column":35}},"3":{"start":{"line":6,"column":28},"end":{"line":9,"column":1}},"4":{"start":{"line":7,"column":19},"end":{"line":7,"column":41}},"5":{"start":{"line":8,"column":2},"end":{"line":8,"column":38}},"6":{"start":{"line":12,"column":0},"end":{"line":15,"column":2}}},"fnMap":{"0":{"name":"(anonymous_0)","decl":{"start":{"line":1,"column":25},"end":{"line":1,"column":26}},"loc":{"start":{"line":1,"column":46},"end":{"line":4,"column":1}},"line":1},"1":{"name":"(anonymous_1)","decl":{"start":{"line":6,"column":28},"end":{"line":6,"column":29}},"loc":{"start":{"line":6,"column":46},"end":{"line":9,"column":1}},"line":6}},"branchMap":{},"s":{"0":1,"1":3,"2":3,"3":1,"4":3,"5":3,"6":1},"f":{"0":3,"1":3},"b":{},"_coverageSchema":"1a1c01bbd47fc00a2c39e90264f33305004495a9","hash":"2143d2fbaf05bb6a0294d21ab4610e98ee1b8d95"}
,"C:\\Users\\paul\\repos\\javascript-exercises\\07_tempConversion\\solution\\tempConversion-solution.js": {"path":"C:\\Users\\paul\\repos\\javascript-exercises\\07_tempConversion\\solution\\tempConversion-solution.js","statementMap":{"0":{"start":{"line":1,"column":25},"end":{"line":3,"column":1}},"1":{"start":{"line":2,"column":2},"end":{"line":2,"column":59}},"2":{"start":{"line":5,"column":28},"end":{"line":7,"column":1}},"3":{"start":{"line":6,"column":2},"end":{"line":6,"column":56}},"4":{"start":{"line":9,"column":0},"end":{"line":12,"column":2}}},"fnMap":{"0":{"name":"(anonymous_0)","decl":{"start":{"line":1,"column":25},"end":{"line":1,"column":26}},"loc":{"start":{"line":1,"column":47},"end":{"line":3,"column":1}},"line":1},"1":{"name":"(anonymous_1)","decl":{"start":{"line":5,"column":28},"end":{"line":5,"column":29}},"loc":{"start":{"line":5,"column":47},"end":{"line":7,"column":1}},"line":5}},"branchMap":{},"s":{"0":1,"1":3,"2":1,"3":3,"4":1},"f":{"0":3,"1":3},"b":{},"_coverageSchema":"1a1c01bbd47fc00a2c39e90264f33305004495a9","hash":"1d50f6287d903ba6a1cc95062f95c5d9bfbaf7d2"}
,"C:\\Users\\paul\\repos\\javascript-exercises\\08_calculator\\calculator.js": {"path":"C:\\Users\\paul\\repos\\javascript-exercises\\08_calculator\\calculator.js","statementMap":{"0":{"start":{"line":1,"column":12},"end":{"line":3,"column":1}},"1":{"start":{"line":2,"column":2},"end":{"line":2,"column":15}},"2":{"start":{"line":5,"column":17},"end":{"line":7,"column":1}},"3":{"start":{"line":6,"column":2},"end":{"line":6,"column":15}},"4":{"start":{"line":9,"column":12},"end":{"line":12,"column":1}},"5":{"start":{"line":10,"column":2},"end":{"line":11,"column":50}},"6":{"start":{"line":10,"column":23},"end":{"line":10,"column":32}},"7":{"start":{"line":11,"column":7},"end":{"line":11,"column":50}},"8":{"start":{"line":11,"column":39},"end":{"line":11,"column":48}},"9":{"start":{"line":14,"column":17},"end":{"line":17,"column":1}},"10":{"start":{"line":15,"column":2},"end":{"line":16,"column":50}},"11":{"start":{"line":15,"column":23},"end":{"line":15,"column":32}},"12":{"start":{"line":16,"column":7},"end":{"line":16,"column":50}},"13":{"start":{"line":16,"column":39},"end":{"line":16,"column":48}},"14":{"start":{"line":19,"column":14},"end":{"line":21,"column":1}},"15":{"start":{"line":20,"column":2},"end":{"line":20,"column":16}},"16":{"start":{"line":23,"column":18},"end":{"line":34,"column":1}},"17":{"start":{"line":24,"column":2},"end":{"line":33,"column":3}},"18":{"start":{"line":24,"column":14},"end":{"line":24,"column":23}},"19":{"start":{"line":26,"column":12},"end":{"line":26,"column":17}},"20":{"start":{"line":27,"column":12},"end":{"line":27,"column":13}},"21":{"start":{"line":28,"column":4},"end":{"line":31,"column":5}},"22":{"start":{"line":29,"column":6},"end":{"line":29,"column":14}},"23":{"start":{"line":30,"column":6},"end":{"line":30,"column":10}},"24":{"start":{"line":32,"column":4},"end":{"line":32,"column":13}},"25":{"start":{"line":37,"column":0},"end":{"line":44,"column":2}}},"fnMap":{"0":{"name":"(anonymous_0)","decl":{"start":{"line":1,"column":12},"end":{"line":1,"column":13}},"loc":{"start":{"line":1,"column":28},"end":{"line":3,"column":1}},"line":1},"1":{"name":"(anonymous_1)","decl":{"start":{"line":5,"column":17},"end":{"line":5,"column":18}},"loc":{"start":{"line":5,"column":33},"end":{"line":7,"column":1}},"line":5},"2":{"name":"(anonymous_2)","decl":{"start":{"line":9,"column":12},"end":{"line":9,"column":13}},"loc":{"start":{"line":9,"column":27},"end":{"line":12,"column":1}},"line":9},"3":{"name":"(anonymous_3)","decl":{"start":{"line":11,"column":25},"end":{"line":11,"column":26}},"loc":{"start":{"line":11,"column":39},"end":{"line":11,"column":48}},"line":11},"4":{"name":"(anonymous_4)","decl":{"start":{"line":14,"column":17},"end":{"line":14,"column":18}},"loc":{"start":{"line":14,"column":32},"end":{"line":17,"column":1}},"line":14},"5":{"name":"(anonymous_5)","decl":{"start":{"line":16,"column":25},"end":{"line":16,"column":26}},"loc":{"start":{"line":16,"column":39},"end":{"line":16,"column":48}},"line":16},"6":{"name":"(anonymous_6)","decl":{"start":{"line":19,"column":14},"end":{"line":19,"column":15}},"loc":{"start":{"line":19,"column":30},"end":{"line":21,"column":1}},"line":19},"7":{"name":"(anonymous_7)","decl":{"start":{"line":23,"column":18},"end":{"line":23,"column":19}},"loc":{"start":{"line":23,"column":31},"end":{"line":34,"column":1}},"line":23}},"branchMap":{"0":{"loc":{"start":{"line":10,"column":2},"end":{"line":11,"column":50}},"type":"if","locations":[{"start":{"line":10,"column":2},"end":{"line":11,"column":50}},{"start":{"line":11,"column":7},"end":{"line":11,"column":50}}],"line":10},"1":{"loc":{"start":{"line":15,"column":2},"end":{"line":16,"column":50}},"type":"if","locations":[{"start":{"line":15,"column":2},"end":{"line":16,"column":50}},{"start":{"line":16,"column":7},"end":{"line":16,"column":50}}],"line":15},"2":{"loc":{"start":{"line":24,"column":2},"end":{"line":33,"column":3}},"type":"if","locations":[{"start":{"line":24,"column":2},"end":{"line":33,"column":3}},{"start":{"line":25,"column":7},"end":{"line":33,"column":3}}],"line":24}},"s":{"0":1,"1":3,"2":1,"3":3,"4":1,"5":4,"6":1,"7":3,"8":5,"9":1,"10":2,"11":0,"12":2,"13":7,"14":1,"15":2,"16":1,"17":5,"18":1,"19":4,"20":4,"21":4,"22":14,"23":14,"24":4,"25":1},"f":{"0":3,"1":3,"2":4,"3":5,"4":2,"5":7,"6":2,"7":5},"b":{"0":[1,3],"1":[0,2],"2":[1,4]},"_coverageSchema":"1a1c01bbd47fc00a2c39e90264f33305004495a9","hash":"a4b841f2aafbfdef36bc7beff4881157711a0e1f"}
,"C:\\Users\\paul\\repos\\javascript-exercises\\08_calculator\\solution\\calculator-solution.js": {"path":"C:\\Users\\paul\\repos\\javascript-exercises\\08_calculator\\solution\\calculator-solution.js","statementMap":{"0":{"start":{"line":1,"column":12},"end":{"line":3,"column":1}},"1":{"start":{"line":2,"column":2},"end":{"line":2,"column":15}},"2":{"start":{"line":5,"column":17},"end":{"line":7,"column":1}},"3":{"start":{"line":6,"column":2},"end":{"line":6,"column":15}},"4":{"start":{"line":9,"column":12},"end":{"line":11,"column":1}},"5":{"start":{"line":10,"column":2},"end":{"line":10,"column":62}},"6":{"start":{"line":10,"column":42},"end":{"line":10,"column":57}},"7":{"start":{"line":13,"column":17},"end":{"line":15,"column":1}},"8":{"start":{"line":14,"column":2},"end":{"line":14,"column":62}},"9":{"start":{"line":14,"column":44},"end":{"line":14,"column":61}},"10":{"start":{"line":17,"column":14},"end":{"line":19,"column":1}},"11":{"start":{"line":18,"column":2},"end":{"line":18,"column":24}},"12":{"start":{"line":21,"column":18},"end":{"line":27,"column":1}},"13":{"start":{"line":22,"column":16},"end":{"line":22,"column":17}},"14":{"start":{"line":23,"column":2},"end":{"line":25,"column":3}},"15":{"start":{"line":23,"column":15},"end":{"line":23,"column":16}},"16":{"start":{"line":24,"column":4},"end":{"line":24,"column":17}},"17":{"start":{"line":26,"column":2},"end":{"line":26,"column":17}},"18":{"start":{"line":29,"column":0},"end":{"line":36,"column":2}}},"fnMap":{"0":{"name":"(anonymous_0)","decl":{"start":{"line":1,"column":12},"end":{"line":1,"column":13}},"loc":{"start":{"line":1,"column":28},"end":{"line":3,"column":1}},"line":1},"1":{"name":"(anonymous_1)","decl":{"start":{"line":5,"column":17},"end":{"line":5,"column":18}},"loc":{"start":{"line":5,"column":33},"end":{"line":7,"column":1}},"line":5},"2":{"name":"(anonymous_2)","decl":{"start":{"line":9,"column":12},"end":{"line":9,"column":13}},"loc":{"start":{"line":9,"column":29},"end":{"line":11,"column":1}},"line":9},"3":{"name":"(anonymous_3)","decl":{"start":{"line":10,"column":22},"end":{"line":10,"column":23}},"loc":{"start":{"line":10,"column":42},"end":{"line":10,"column":57}},"line":10},"4":{"name":"(anonymous_4)","decl":{"start":{"line":13,"column":17},"end":{"line":13,"column":18}},"loc":{"start":{"line":13,"column":34},"end":{"line":15,"column":1}},"line":13},"5":{"name":"(anonymous_5)","decl":{"start":{"line":14,"column":22},"end":{"line":14,"column":23}},"loc":{"start":{"line":14,"column":44},"end":{"line":14,"column":61}},"line":14},"6":{"name":"(anonymous_6)","decl":{"start":{"line":17,"column":14},"end":{"line":17,"column":15}},"loc":{"start":{"line":17,"column":30},"end":{"line":19,"column":1}},"line":17},"7":{"name":"(anonymous_7)","decl":{"start":{"line":21,"column":18},"end":{"line":21,"column":19}},"loc":{"start":{"line":21,"column":31},"end":{"line":27,"column":1}},"line":21}},"branchMap":{},"s":{"0":1,"1":3,"2":1,"3":3,"4":1,"5":4,"6":8,"7":1,"8":2,"9":7,"10":1,"11":2,"12":1,"13":5,"14":5,"15":5,"16":18,"17":5,"18":1},"f":{"0":3,"1":3,"2":4,"3":8,"4":2,"5":7,"6":2,"7":5},"b":{},"_coverageSchema":"1a1c01bbd47fc00a2c39e90264f33305004495a9","hash":"6e0e2d49b232ea903839da8d7608750a8ac58464"}
,"C:\\Users\\paul\\repos\\javascript-exercises\\09_palindromes\\palindromes.js": {"path":"C:\\Users\\paul\\repos\\javascript-exercises\\09_palindromes\\palindromes.js","statementMap":{"0":{"start":{"line":1,"column":20},"end":{"line":3,"column":1}},"1":{"start":{"line":6,"column":0},"end":{"line":6,"column":29}}},"fnMap":{"0":{"name":"(anonymous_0)","decl":{"start":{"line":1,"column":20},"end":{"line":1,"column":21}},"loc":{"start":{"line":1,"column":32},"end":{"line":3,"column":1}},"line":1}},"branchMap":{},"s":{"0":1,"1":1},"f":{"0":1},"b":{},"_coverageSchema":"1a1c01bbd47fc00a2c39e90264f33305004495a9","hash":"bbc87a39698c3dd3db55ac0a995e025867a426cc"}
,"C:\\Users\\paul\\repos\\javascript-exercises\\09_palindromes\\solution\\palindromes-solution.js": {"path":"C:\\Users\\paul\\repos\\javascript-exercises\\09_palindromes\\solution\\palindromes-solution.js","statementMap":{"0":{"start":{"line":1,"column":20},"end":{"line":17,"column":1}},"1":{"start":{"line":3,"column":25},"end":{"line":3,"column":63}},"2":{"start":{"line":6,"column":24},"end":{"line":10,"column":13}},"3":{"start":{"line":9,"column":27},"end":{"line":9,"column":61}},"4":{"start":{"line":13,"column":25},"end":{"line":13,"column":67}},"5":{"start":{"line":16,"column":2},"end":{"line":16,"column":42}},"6":{"start":{"line":19,"column":0},"end":{"line":19,"column":29}}},"fnMap":{"0":{"name":"(anonymous_0)","decl":{"start":{"line":1,"column":20},"end":{"line":1,"column":21}},"loc":{"start":{"line":1,"column":38},"end":{"line":17,"column":1}},"line":1},"1":{"name":"(anonymous_1)","decl":{"start":{"line":9,"column":12},"end":{"line":9,"column":13}},"loc":{"start":{"line":9,"column":27},"end":{"line":9,"column":61}},"line":9}},"branchMap":{},"s":{"0":1,"1":8,"2":8,"3":135,"4":8,"5":8,"6":1},"f":{"0":8,"1":135},"b":{},"_coverageSchema":"1a1c01bbd47fc00a2c39e90264f33305004495a9","hash":"06a5b697e499f369eb2a2c0b1cdb2c5bbf25b89e"}
,"C:\\Users\\paul\\repos\\javascript-exercises\\10_fibonacci\\fibonacci.js": {"path":"C:\\Users\\paul\\repos\\javascript-exercises\\10_fibonacci\\fibonacci.js","statementMap":{"0":{"start":{"line":1,"column":18},"end":{"line":3,"column":1}},"1":{"start":{"line":6,"column":0},"end":{"line":6,"column":27}}},"fnMap":{"0":{"name":"(anonymous_0)","decl":{"start":{"line":1,"column":18},"end":{"line":1,"column":19}},"loc":{"start":{"line":1,"column":29},"end":{"line":3,"column":1}},"line":1}},"branchMap":{},"s":{"0":1,"1":1},"f":{"0":1},"b":{},"_coverageSchema":"1a1c01bbd47fc00a2c39e90264f33305004495a9","hash":"1b07d7083965b6a25978269602c5be768d34418b"}
,"C:\\Users\\paul\\repos\\javascript-exercises\\10_fibonacci\\solution\\fibonacci-solution.js": {"path":"C:\\Users\\paul\\repos\\javascript-exercises\\10_fibonacci\\solution\\fibonacci-solution.js","statementMap":{"0":{"start":{"line":1,"column":18},"end":{"line":25,"column":1}},"1":{"start":{"line":5,"column":4},"end":{"line":9,"column":5}},"2":{"start":{"line":6,"column":8},"end":{"line":6,"column":34}},"3":{"start":{"line":8,"column":8},"end":{"line":8,"column":24}},"4":{"start":{"line":11,"column":4},"end":{"line":11,"column":33}},"5":{"start":{"line":11,"column":19},"end":{"line":11,"column":33}},"6":{"start":{"line":12,"column":4},"end":{"line":12,"column":29}},"7":{"start":{"line":12,"column":20},"end":{"line":12,"column":29}},"8":{"start":{"line":14,"column":20},"end":{"line":14,"column":21}},"9":{"start":{"line":15,"column":21},"end":{"line":15,"column":22}},"10":{"start":{"line":17,"column":4},"end":{"line":21,"column":5}},"11":{"start":{"line":17,"column":17},"end":{"line":17,"column":18}},"12":{"start":{"line":18,"column":22},"end":{"line":18,"column":44}},"13":{"start":{"line":19,"column":8},"end":{"line":19,"column":31}},"14":{"start":{"line":20,"column":8},"end":{"line":20,"column":28}},"15":{"start":{"line":23,"column":4},"end":{"line":23,"column":21}},"16":{"start":{"line":34,"column":0},"end":{"line":34,"column":27}}},"fnMap":{"0":{"name":"(anonymous_0)","decl":{"start":{"line":1,"column":18},"end":{"line":1,"column":19}},"loc":{"start":{"line":1,"column":37},"end":{"line":25,"column":1}},"line":1}},"branchMap":{"0":{"loc":{"start":{"line":5,"column":4},"end":{"line":9,"column":5}},"type":"if","locations":[{"start":{"line":5,"column":4},"end":{"line":9,"column":5}},{"start":{"line":7,"column":11},"end":{"line":9,"column":5}}],"line":5},"1":{"loc":{"start":{"line":11,"column":4},"end":{"line":11,"column":33}},"type":"if","locations":[{"start":{"line":11,"column":4},"end":{"line":11,"column":33}},{"start":{},"end":{}}],"line":11},"2":{"loc":{"start":{"line":12,"column":4},"end":{"line":12,"column":29}},"type":"if","locations":[{"start":{"line":12,"column":4},"end":{"line":12,"column":29}},{"start":{},"end":{}}],"line":12}},"s":{"0":1,"1":11,"2":4,"3":7,"4":11,"5":1,"6":10,"7":2,"8":8,"9":8,"10":8,"11":8,"12":63,"13":63,"14":63,"15":8,"16":1},"f":{"0":11},"b":{"0":[4,7],"1":[1,10],"2":[2,8]},"_coverageSchema":"1a1c01bbd47fc00a2c39e90264f33305004495a9","hash":"3f893d7f0f6042cf4c3ced15abc2dd8f5ce9e259"}
,"C:\\Users\\paul\\repos\\javascript-exercises\\11_getTheTitles\\getTheTitles.js": {"path":"C:\\Users\\paul\\repos\\javascript-exercises\\11_getTheTitles\\getTheTitles.js","statementMap":{"0":{"start":{"line":1,"column":21},"end":{"line":3,"column":1}},"1":{"start":{"line":6,"column":0},"end":{"line":6,"column":30}}},"fnMap":{"0":{"name":"(anonymous_0)","decl":{"start":{"line":1,"column":21},"end":{"line":1,"column":22}},"loc":{"start":{"line":1,"column":32},"end":{"line":3,"column":1}},"line":1}},"branchMap":{},"s":{"0":1,"1":1},"f":{"0":1},"b":{},"_coverageSchema":"1a1c01bbd47fc00a2c39e90264f33305004495a9","hash":"d5e811a96fdd6d4b667f920ad42255e87a0caf0e"}
,"C:\\Users\\paul\\repos\\javascript-exercises\\11_getTheTitles\\solution\\getTheTitles-solution.js": {"path":"C:\\Users\\paul\\repos\\javascript-exercises\\11_getTheTitles\\solution\\getTheTitles-solution.js","statementMap":{"0":{"start":{"line":1,"column":21},"end":{"line":3,"column":1}},"1":{"start":{"line":2,"column":2},"end":{"line":2,"column":41}},"2":{"start":{"line":2,"column":29},"end":{"line":2,"column":39}},"3":{"start":{"line":5,"column":0},"end":{"line":5,"column":30}}},"fnMap":{"0":{"name":"(anonymous_0)","decl":{"start":{"line":1,"column":21},"end":{"line":1,"column":22}},"loc":{"start":{"line":1,"column":38},"end":{"line":3,"column":1}},"line":1},"1":{"name":"(anonymous_1)","decl":{"start":{"line":2,"column":19},"end":{"line":2,"column":20}},"loc":{"start":{"line":2,"column":29},"end":{"line":2,"column":39}},"line":2}},"branchMap":{},"s":{"0":1,"1":1,"2":2,"3":1},"f":{"0":1,"1":2},"b":{},"_coverageSchema":"1a1c01bbd47fc00a2c39e90264f33305004495a9","hash":"e5519561ed72e777b433bd6b6d2ba5cc4d371626"}
,"C:\\Users\\paul\\repos\\javascript-exercises\\12_findTheOldest\\findTheOldest.js": {"path":"C:\\Users\\paul\\repos\\javascript-exercises\\12_findTheOldest\\findTheOldest.js","statementMap":{"0":{"start":{"line":1,"column":22},"end":{"line":3,"column":1}},"1":{"start":{"line":6,"column":0},"end":{"line":6,"column":31}}},"fnMap":{"0":{"name":"(anonymous_0)","decl":{"start":{"line":1,"column":22},"end":{"line":1,"column":23}},"loc":{"start":{"line":1,"column":33},"end":{"line":3,"column":1}},"line":1}},"branchMap":{},"s":{"0":1,"1":1},"f":{"0":1},"b":{},"_coverageSchema":"1a1c01bbd47fc00a2c39e90264f33305004495a9","hash":"6c015427d47f76e3f3e40664ff1651e12d95cb12"}
,"C:\\Users\\paul\\repos\\javascript-exercises\\12_findTheOldest\\solution\\findTheOldest-solution.js": {"path":"C:\\Users\\paul\\repos\\javascript-exercises\\12_findTheOldest\\solution\\findTheOldest-solution.js","statementMap":{"0":{"start":{"line":1,"column":15},"end":{"line":6,"column":1}},"1":{"start":{"line":2,"column":2},"end":{"line":4,"column":3}},"2":{"start":{"line":3,"column":4},"end":{"line":3,"column":37}},"3":{"start":{"line":5,"column":2},"end":{"line":5,"column":23}},"4":{"start":{"line":8,"column":22},"end":{"line":17,"column":1}},"5":{"start":{"line":9,"column":2},"end":{"line":16,"column":5}},"6":{"start":{"line":10,"column":22},"end":{"line":10,"column":68}},"7":{"start":{"line":11,"column":23},"end":{"line":14,"column":5}},"8":{"start":{"line":15,"column":4},"end":{"line":15,"column":59}},"9":{"start":{"line":40,"column":0},"end":{"line":40,"column":31}}},"fnMap":{"0":{"name":"(anonymous_0)","decl":{"start":{"line":1,"column":15},"end":{"line":1,"column":16}},"loc":{"start":{"line":1,"column":39},"end":{"line":6,"column":1}},"line":1},"1":{"name":"(anonymous_1)","decl":{"start":{"line":8,"column":22},"end":{"line":8,"column":23}},"loc":{"start":{"line":8,"column":40},"end":{"line":17,"column":1}},"line":8},"2":{"name":"(anonymous_2)","decl":{"start":{"line":9,"column":23},"end":{"line":9,"column":24}},"loc":{"start":{"line":9,"column":50},"end":{"line":16,"column":3}},"line":9}},"branchMap":{"0":{"loc":{"start":{"line":2,"column":2},"end":{"line":4,"column":3}},"type":"if","locations":[{"start":{"line":2,"column":2},"end":{"line":4,"column":3}},{"start":{},"end":{}}],"line":2},"1":{"loc":{"start":{"line":15,"column":11},"end":{"line":15,"column":58}},"type":"cond-expr","locations":[{"start":{"line":15,"column":36},"end":{"line":15,"column":49}},{"start":{"line":15,"column":52},"end":{"line":15,"column":58}}],"line":15}},"s":{"0":1,"1":12,"2":3,"3":12,"4":1,"5":3,"6":6,"7":6,"8":6,"9":1},"f":{"0":12,"1":3,"2":6},"b":{"0":[3,9],"1":[2,4]},"_coverageSchema":"1a1c01bbd47fc00a2c39e90264f33305004495a9","hash":"e656a26a58ac5f8044b60b8b41b001c1eec9e07f"}
,"C:\\Users\\paul\\repos\\javascript-exercises\\archive\\archived_caesar\\caesar.js": {"path":"C:\\Users\\paul\\repos\\javascript-exercises\\archive\\archived_caesar\\caesar.js","statementMap":{"0":{"start":{"line":1,"column":15},"end":{"line":3,"column":1}},"1":{"start":{"line":6,"column":0},"end":{"line":6,"column":24}}},"fnMap":{"0":{"name":"(anonymous_0)","decl":{"start":{"line":1,"column":15},"end":{"line":1,"column":16}},"loc":{"start":{"line":1,"column":26},"end":{"line":3,"column":1}},"line":1}},"branchMap":{},"s":{"0":1,"1":1},"f":{"0":1},"b":{},"_coverageSchema":"1a1c01bbd47fc00a2c39e90264f33305004495a9","hash":"e492a09c9b45e7edee379b148f5e21a4f8186bbf"}
,"C:\\Users\\paul\\repos\\javascript-exercises\\archive\\archived_caesar\\solution\\caesar-solution.js": {"path":"C:\\Users\\paul\\repos\\javascript-exercises\\archive\\archived_caesar\\solution\\caesar-solution.js","statementMap":{"0":{"start":{"line":1,"column":15},"end":{"line":6,"column":1}},"1":{"start":{"line":2,"column":2},"end":{"line":5,"column":14}},"2":{"start":{"line":4,"column":19},"end":{"line":4,"column":41}},"3":{"start":{"line":8,"column":16},"end":{"line":8,"column":47}},"4":{"start":{"line":8,"column":27},"end":{"line":8,"column":46}},"5":{"start":{"line":13,"column":12},"end":{"line":13,"column":39}},"6":{"start":{"line":13,"column":22},"end":{"line":13,"column":39}},"7":{"start":{"line":15,"column":18},"end":{"line":24,"column":1}},"8":{"start":{"line":16,"column":15},"end":{"line":16,"column":32}},"9":{"start":{"line":18,"column":2},"end":{"line":22,"column":3}},"10":{"start":{"line":19,"column":4},"end":{"line":21,"column":6}},"11":{"start":{"line":23,"column":2},"end":{"line":23,"column":14}},"12":{"start":{"line":26,"column":0},"end":{"line":26,"column":24}}},"fnMap":{"0":{"name":"(anonymous_0)","decl":{"start":{"line":1,"column":15},"end":{"line":1,"column":16}},"loc":{"start":{"line":1,"column":40},"end":{"line":6,"column":1}},"line":1},"1":{"name":"(anonymous_1)","decl":{"start":{"line":4,"column":9},"end":{"line":4,"column":10}},"loc":{"start":{"line":4,"column":19},"end":{"line":4,"column":41}},"line":4},"2":{"name":"(anonymous_2)","decl":{"start":{"line":8,"column":16},"end":{"line":8,"column":17}},"loc":{"start":{"line":8,"column":27},"end":{"line":8,"column":46}},"line":8},"3":{"name":"(anonymous_3)","decl":{"start":{"line":13,"column":12},"end":{"line":13,"column":13}},"loc":{"start":{"line":13,"column":22},"end":{"line":13,"column":39}},"line":13},"4":{"name":"(anonymous_4)","decl":{"start":{"line":15,"column":18},"end":{"line":15,"column":19}},"loc":{"start":{"line":15,"column":35},"end":{"line":24,"column":1}},"line":15}},"branchMap":{"0":{"loc":{"start":{"line":8,"column":27},"end":{"line":8,"column":46}},"type":"cond-expr","locations":[{"start":{"line":8,"column":39},"end":{"line":8,"column":41}},{"start":{"line":8,"column":44},"end":{"line":8,"column":46}}],"line":8},"1":{"loc":{"start":{"line":18,"column":2},"end":{"line":22,"column":3}},"type":"if","locations":[{"start":{"line":18,"column":2},"end":{"line":22,"column":3}},{"start":{},"end":{}}],"line":18},"2":{"loc":{"start":{"line":18,"column":6},"end":{"line":18,"column":63}},"type":"binary-expr","locations":[{"start":{"line":18,"column":7},"end":{"line":18,"column":17}},{"start":{"line":18,"column":21},"end":{"line":18,"column":31}},{"start":{"line":18,"column":37},"end":{"line":18,"column":47}},{"start":{"line":18,"column":51},"end":{"line":18,"column":62}}],"line":18}},"s":{"0":1,"1":7,"2":57,"3":1,"4":90,"5":1,"6":45,"7":1,"8":57,"9":57,"10":45,"11":12,"12":1},"f":{"0":7,"1":57,"2":90,"3":45,"4":57},"b":{"0":[22,68],"1":[45,12],"2":[57,45,46,34]},"_coverageSchema":"1a1c01bbd47fc00a2c39e90264f33305004495a9","hash":"4e3e56e09f2f4f511a4d869cdc1cb6bdd16a457b"}
,"C:\\Users\\paul\\repos\\javascript-exercises\\archive\\archived_pigLatin\\pigLatin.js": {"path":"C:\\Users\\paul\\repos\\javascript-exercises\\archive\\archived_pigLatin\\pigLatin.js","statementMap":{"0":{"start":{"line":6,"column":0},"end":{"line":6,"column":26}}},"fnMap":{"0":{"name":"pigLatin","decl":{"start":{"line":1,"column":9},"end":{"line":1,"column":17}},"loc":{"start":{"line":1,"column":26},"end":{"line":3,"column":1}},"line":1}},"branchMap":{},"s":{"0":1},"f":{"0":1},"b":{},"_coverageSchema":"1a1c01bbd47fc00a2c39e90264f33305004495a9","hash":"517182b442ff0063d579254716feba00ad659d7e"}
,"C:\\Users\\paul\\repos\\javascript-exercises\\archive\\archived_pigLatin\\solution\\pigLatin-solution.js": {"path":"C:\\Users\\paul\\repos\\javascript-exercises\\archive\\archived_pigLatin\\solution\\pigLatin-solution.js","statementMap":{"0":{"start":{"line":1,"column":17},"end":{"line":11,"column":1}},"1":{"start":{"line":2,"column":2},"end":{"line":10,"column":15}},"2":{"start":{"line":5,"column":20},"end":{"line":5,"column":41}},"3":{"start":{"line":6,"column":24},"end":{"line":6,"column":44}},"4":{"start":{"line":7,"column":21},"end":{"line":7,"column":38}},"5":{"start":{"line":8,"column":6},"end":{"line":8,"column":39}},"6":{"start":{"line":13,"column":24},"end":{"line":19,"column":1}},"7":{"start":{"line":14,"column":17},"end":{"line":14,"column":41}},"8":{"start":{"line":15,"column":2},"end":{"line":17,"column":3}},"9":{"start":{"line":16,"column":4},"end":{"line":16,"column":37}},"10":{"start":{"line":18,"column":2},"end":{"line":18,"column":35}},"11":{"start":{"line":21,"column":0},"end":{"line":21,"column":26}}},"fnMap":{"0":{"name":"(anonymous_0)","decl":{"start":{"line":1,"column":17},"end":{"line":1,"column":18}},"loc":{"start":{"line":1,"column":35},"end":{"line":11,"column":1}},"line":1},"1":{"name":"(anonymous_1)","decl":{"start":{"line":4,"column":9},"end":{"line":4,"column":10}},"loc":{"start":{"line":4,"column":19},"end":{"line":9,"column":5}},"line":4},"2":{"name":"(anonymous_2)","decl":{"start":{"line":13,"column":24},"end":{"line":13,"column":25}},"loc":{"start":{"line":13,"column":42},"end":{"line":19,"column":1}},"line":13}},"branchMap":{"0":{"loc":{"start":{"line":15,"column":2},"end":{"line":17,"column":3}},"type":"if","locations":[{"start":{"line":15,"column":2},"end":{"line":17,"column":3}},{"start":{},"end":{}}],"line":15},"1":{"loc":{"start":{"line":15,"column":6},"end":{"line":15,"column":70}},"type":"binary-expr","locations":[{"start":{"line":15,"column":6},"end":{"line":15,"column":22}},{"start":{"line":15,"column":26},"end":{"line":15,"column":70}}],"line":15}},"s":{"0":1,"1":9,"2":13,"3":13,"4":13,"5":13,"6":1,"7":13,"8":13,"9":3,"10":10,"11":1},"f":{"0":9,"1":13,"2":13},"b":{"0":[3,10],"1":[13,3]},"_coverageSchema":"1a1c01bbd47fc00a2c39e90264f33305004495a9","hash":"9f7826e0bdf6dd860623be3b5b3cb04a6ef020dd"}
,"C:\\Users\\paul\\repos\\javascript-exercises\\archive\\archived_snakeCase\\snakeCase.js": {"path":"C:\\Users\\paul\\repos\\javascript-exercises\\archive\\archived_snakeCase\\snakeCase.js","statementMap":{"0":{"start":{"line":1,"column":18},"end":{"line":3,"column":1}},"1":{"start":{"line":6,"column":0},"end":{"line":6,"column":27}}},"fnMap":{"0":{"name":"(anonymous_0)","decl":{"start":{"line":1,"column":18},"end":{"line":1,"column":19}},"loc":{"start":{"line":1,"column":29},"end":{"line":3,"column":1}},"line":1}},"branchMap":{},"s":{"0":1,"1":1},"f":{"0":1},"b":{},"_coverageSchema":"1a1c01bbd47fc00a2c39e90264f33305004495a9","hash":"f2b159ad7c7d456885113405c2cb4b8d66d37169"}
,"C:\\Users\\paul\\repos\\javascript-exercises\\archive\\archived_snakeCase\\solution\\snakeCase-solution.js": {"path":"C:\\Users\\paul\\repos\\javascript-exercises\\archive\\archived_snakeCase\\solution\\snakeCase-solution.js","statementMap":{"0":{"start":{"line":1,"column":18},"end":{"line":17,"column":1}},"1":{"start":{"line":3,"column":2},"end":{"line":3,"column":40}},"2":{"start":{"line":6,"column":2},"end":{"line":8,"column":3}},"3":{"start":{"line":7,"column":4},"end":{"line":7,"column":47}},"4":{"start":{"line":10,"column":2},"end":{"line":16,"column":15}},"5":{"start":{"line":19,"column":0},"end":{"line":19,"column":27}}},"fnMap":{"0":{"name":"(anonymous_0)","decl":{"start":{"line":1,"column":18},"end":{"line":1,"column":19}},"loc":{"start":{"line":1,"column":36},"end":{"line":17,"column":1}},"line":1}},"branchMap":{"0":{"loc":{"start":{"line":6,"column":2},"end":{"line":8,"column":3}},"type":"if","locations":[{"start":{"line":6,"column":2},"end":{"line":8,"column":3}},{"start":{},"end":{}}],"line":6}},"s":{"0":1,"1":6,"2":6,"3":2,"4":6,"5":1},"f":{"0":6},"b":{"0":[2,4]},"_coverageSchema":"1a1c01bbd47fc00a2c39e90264f33305004495a9","hash":"5452625e345f7f261bd5d00aca7500c7ee391b4b"}
}
