TN:
SF:01_helloWorld\helloWorld.js
FN:1,(anonymous_0)
FNF:1
FNH:1
FNDA:1,(anonymous_0)
DA:1,1
DA:2,1
DA:5,1
LF:3
LH:3
BRF:0
BRH:0
end_of_record
TN:
SF:01_helloWorld\solution\helloWorld-solution.js
FN:1,(anonymous_0)
FNF:1
FNH:1
FNDA:1,(anonymous_0)
DA:1,1
DA:2,1
DA:5,1
LF:3
LH:3
BRF:0
BRH:0
end_of_record
TN:
SF:02_repeatString\repeatString.js
FN:1,(anonymous_0)
FNF:1
FNH:1
FNDA:7,(anonymous_0)
DA:1,1
DA:2,7
DA:3,7
DA:4,979
DA:6,7
DA:7,6
DA:10,1
DA:15,1
LF:8
LH:8
BRDA:6,0,0,6
BRDA:6,0,1,1
BRF:2
BRH:2
end_of_record
TN:
SF:02_repeatString\solution\repeatString-solution.js
FN:1,(anonymous_0)
FNF:1
FNH:1
FNDA:7,(anonymous_0)
DA:1,1
DA:2,7
DA:3,6
DA:4,6
DA:5,485
DA:7,6
DA:10,1
LF:7
LH:7
BRDA:2,0,0,1
BRDA:2,0,1,6
BRF:2
BRH:2
end_of_record
TN:
SF:03_reverseString\reverseString.js
FN:1,(anonymous_0)
FNF:1
FNH:1
FNDA:4,(anonymous_0)
DA:1,1
DA:2,4
DA:3,4
DA:4,4
DA:8,1
LF:5
LH:5
BRF:0
BRH:0
end_of_record
TN:
SF:03_reverseString\solution\reverseString-solution.js
FN:1,(anonymous_0)
FNF:1
FNH:1
FNDA:4,(anonymous_0)
DA:1,1
DA:2,4
DA:5,1
LF:3
LH:3
BRF:0
BRH:0
end_of_record
TN:
SF:04_removeFromArray\removeFromArray.js
FN:1,(anonymous_0)
FN:5,(anonymous_1)
FNF:2
FNH:2
FNDA:8,(anonymous_0)
FNDA:39,(anonymous_1)
DA:1,1
DA:2,8
DA:3,16
DA:5,39
DA:8,8
DA:12,1
LF:6
LH:6
BRDA:3,0,0,12
BRDA:3,0,1,4
BRF:2
BRH:2
end_of_record
TN:
SF:04_removeFromArray\solution\removeFromArray-solution.js
FN:4,(anonymous_0)
FN:8,(anonymous_1)
FNF:2
FNH:2
FNDA:8,(anonymous_0)
FNDA:31,(anonymous_1)
DA:4,1
DA:6,8
DA:8,8
DA:12,31
DA:13,18
DA:17,8
DA:28,1
LF:7
LH:7
BRDA:12,0,0,18
BRDA:12,0,1,13
BRF:2
BRH:2
end_of_record
TN:
SF:05_sumAll\sumAll.js
FN:1,(anonymous_0)
FNF:1
FNH:1
FNDA:7,(anonymous_0)
DA:1,1
DA:2,7
DA:3,7
DA:4,3
DA:5,4127
DA:7,3
DA:9,4
DA:14,1
LF:8
LH:8
BRDA:3,0,0,3
BRDA:3,0,1,4
BRDA:3,1,0,7
BRDA:3,1,1,6
BRDA:3,1,2,5
BRF:5
BRH:5
end_of_record
TN:
SF:05_sumAll\solution\sumAll-solution.js
FN:1,(anonymous_0)
FNF:1
FNH:1
FNDA:7,(anonymous_0)
DA:1,1
DA:2,7
DA:3,4
DA:4,3
DA:5,1
DA:6,1
DA:7,1
DA:14,3
DA:15,3
DA:16,4127
DA:18,3
DA:21,1
LF:12
LH:12
BRDA:2,0,0,3
BRDA:2,0,1,4
BRDA:2,1,0,7
BRDA:2,1,1,6
BRDA:3,2,0,1
BRDA:3,2,1,3
BRDA:3,3,0,4
BRDA:3,3,1,3
BRDA:4,4,0,1
BRDA:4,4,1,2
BRF:10
BRH:10
end_of_record
TN:
SF:06_leapYears\leapYears.js
FN:1,(anonymous_0)
FNF:1
FNH:1
FNDA:6,(anonymous_0)
DA:1,1
DA:3,6
DA:4,5
DA:5,3
DA:6,1
DA:8,2
DA:11,2
DA:15,1
DA:20,1
LF:9
LH:9
BRDA:3,0,0,5
BRDA:3,0,1,1
BRDA:4,1,0,3
BRDA:4,1,1,2
BRDA:5,2,0,1
BRDA:5,2,1,2
BRF:6
BRH:6
end_of_record
TN:
SF:06_leapYears\solution\leapYears-solution.js
FN:1,(anonymous_0)
FNF:1
FNH:1
FNDA:6,(anonymous_0)
DA:1,1
DA:2,6
DA:3,6
DA:4,6
DA:6,6
DA:10,3
DA:12,3
DA:16,1
LF:8
LH:8
BRDA:6,0,0,3
BRDA:6,0,1,3
BRDA:7,1,0,6
BRDA:7,1,1,5
BRDA:7,1,2,3
BRF:5
BRH:5
end_of_record
TN:
SF:07_tempConversion\tempConversion.js
FN:1,(anonymous_0)
FN:6,(anonymous_1)
FNF:2
FNH:2
FNDA:3,(anonymous_0)
FNDA:3,(anonymous_1)
DA:1,1
DA:2,3
DA:3,3
DA:6,1
DA:7,3
DA:8,3
DA:12,1
LF:7
LH:7
BRF:0
BRH:0
end_of_record
TN:
SF:07_tempConversion\solution\tempConversion-solution.js
FN:1,(anonymous_0)
FN:5,(anonymous_1)
FNF:2
FNH:2
FNDA:3,(anonymous_0)
FNDA:3,(anonymous_1)
DA:1,1
DA:2,3
DA:5,1
DA:6,3
DA:9,1
LF:5
LH:5
BRF:0
BRH:0
end_of_record
TN:
SF:08_calculator\calculator.js
FN:1,(anonymous_0)
FN:5,(anonymous_1)
FN:9,(anonymous_2)
FN:11,(anonymous_3)
FN:14,(anonymous_4)
FN:16,(anonymous_5)
FN:19,(anonymous_6)
FN:23,(anonymous_7)
FNF:8
FNH:8
FNDA:3,(anonymous_0)
FNDA:3,(anonymous_1)
FNDA:4,(anonymous_2)
FNDA:5,(anonymous_3)
FNDA:2,(anonymous_4)
FNDA:7,(anonymous_5)
FNDA:2,(anonymous_6)
FNDA:5,(anonymous_7)
DA:1,1
DA:2,3
DA:5,1
DA:6,3
DA:9,1
DA:10,4
DA:11,5
DA:14,1
DA:15,2
DA:16,7
DA:19,1
DA:20,2
DA:23,1
DA:24,5
DA:26,4
DA:27,4
DA:28,4
DA:29,14
DA:30,14
DA:32,4
DA:37,1
LF:21
LH:21
BRDA:10,0,0,1
BRDA:10,0,1,3
BRDA:15,1,0,0
BRDA:15,1,1,2
BRDA:24,2,0,1
BRDA:24,2,1,4
BRF:6
BRH:5
end_of_record
TN:
SF:08_calculator\solution\calculator-solution.js
FN:1,(anonymous_0)
FN:5,(anonymous_1)
FN:9,(anonymous_2)
FN:10,(anonymous_3)
FN:13,(anonymous_4)
FN:14,(anonymous_5)
FN:17,(anonymous_6)
FN:21,(anonymous_7)
FNF:8
FNH:8
FNDA:3,(anonymous_0)
FNDA:3,(anonymous_1)
FNDA:4,(anonymous_2)
FNDA:8,(anonymous_3)
FNDA:2,(anonymous_4)
FNDA:7,(anonymous_5)
FNDA:2,(anonymous_6)
FNDA:5,(anonymous_7)
DA:1,1
DA:2,3
DA:5,1
DA:6,3
DA:9,1
DA:10,8
DA:13,1
DA:14,7
DA:17,1
DA:18,2
DA:21,1
DA:22,5
DA:23,5
DA:24,18
DA:26,5
DA:29,1
LF:16
LH:16
BRF:0
BRH:0
end_of_record
TN:
SF:09_palindromes\palindromes.js
FN:1,(anonymous_0)
FNF:1
FNH:1
FNDA:1,(anonymous_0)
DA:1,1
DA:6,1
LF:2
LH:2
BRF:0
BRH:0
end_of_record
TN:
SF:09_palindromes\solution\palindromes-solution.js
FN:1,(anonymous_0)
FN:9,(anonymous_1)
FNF:2
FNH:2
FNDA:8,(anonymous_0)
FNDA:135,(anonymous_1)
DA:1,1
DA:3,8
DA:6,8
DA:9,135
DA:13,8
DA:16,8
DA:19,1
LF:7
LH:7
BRF:0
BRH:0
end_of_record
TN:
SF:10_fibonacci\fibonacci.js
FN:1,(anonymous_0)
FNF:1
FNH:1
FNDA:1,(anonymous_0)
DA:1,1
DA:6,1
LF:2
LH:2
BRF:0
BRH:0
end_of_record
TN:
SF:10_fibonacci\solution\fibonacci-solution.js
FN:1,(anonymous_0)
FNF:1
FNH:1
FNDA:11,(anonymous_0)
DA:1,1
DA:5,11
DA:6,4
DA:8,7
DA:11,11
DA:12,10
DA:14,8
DA:15,8
DA:17,8
DA:18,63
DA:19,63
DA:20,63
DA:23,8
DA:34,1
LF:14
LH:14
BRDA:5,0,0,4
BRDA:5,0,1,7
BRDA:11,1,0,1
BRDA:11,1,1,10
BRDA:12,2,0,2
BRDA:12,2,1,8
BRF:6
BRH:6
end_of_record
TN:
SF:11_getTheTitles\getTheTitles.js
FN:1,(anonymous_0)
FNF:1
FNH:1
FNDA:1,(anonymous_0)
DA:1,1
DA:6,1
LF:2
LH:2
BRF:0
BRH:0
end_of_record
TN:
SF:11_getTheTitles\solution\getTheTitles-solution.js
FN:1,(anonymous_0)
FN:2,(anonymous_1)
FNF:2
FNH:2
FNDA:1,(anonymous_0)
FNDA:2,(anonymous_1)
DA:1,1
DA:2,2
DA:5,1
LF:3
LH:3
BRF:0
BRH:0
end_of_record
TN:
SF:12_findTheOldest\findTheOldest.js
FN:1,(anonymous_0)
FNF:1
FNH:1
FNDA:1,(anonymous_0)
DA:1,1
DA:6,1
LF:2
LH:2
BRF:0
BRH:0
end_of_record
TN:
SF:12_findTheOldest\solution\findTheOldest-solution.js
FN:1,(anonymous_0)
FN:8,(anonymous_1)
FN:9,(anonymous_2)
FNF:3
FNH:3
FNDA:12,(anonymous_0)
FNDA:3,(anonymous_1)
FNDA:6,(anonymous_2)
DA:1,1
DA:2,12
DA:3,3
DA:5,12
DA:8,1
DA:9,3
DA:10,6
DA:11,6
DA:15,6
DA:40,1
LF:10
LH:10
BRDA:2,0,0,3
BRDA:2,0,1,9
BRDA:15,1,0,2
BRDA:15,1,1,4
BRF:4
BRH:4
end_of_record
TN:
SF:archive\archived_caesar\caesar.js
FN:1,(anonymous_0)
FNF:1
FNH:1
FNDA:1,(anonymous_0)
DA:1,1
DA:6,1
LF:2
LH:2
BRF:0
BRH:0
end_of_record
TN:
SF:archive\archived_caesar\solution\caesar-solution.js
FN:1,(anonymous_0)
FN:4,(anonymous_1)
FN:8,(anonymous_2)
FN:13,(anonymous_3)
FN:15,(anonymous_4)
FNF:5
FNH:5
FNDA:7,(anonymous_0)
FNDA:57,(anonymous_1)
FNDA:90,(anonymous_2)
FNDA:45,(anonymous_3)
FNDA:57,(anonymous_4)
DA:1,1
DA:2,7
DA:4,57
DA:8,90
DA:13,45
DA:15,1
DA:16,57
DA:18,57
DA:19,45
DA:23,12
DA:26,1
LF:11
LH:11
BRDA:8,0,0,22
BRDA:8,0,1,68
BRDA:18,1,0,45
BRDA:18,1,1,12
BRDA:18,2,0,57
BRDA:18,2,1,45
BRDA:18,2,2,46
BRDA:18,2,3,34
BRF:8
BRH:8
end_of_record
TN:
SF:archive\archived_pigLatin\pigLatin.js
FN:1,pigLatin
FNF:1
FNH:1
FNDA:1,pigLatin
DA:6,1
LF:1
LH:1
BRF:0
BRH:0
end_of_record
TN:
SF:archive\archived_pigLatin\solution\pigLatin-solution.js
FN:1,(anonymous_0)
FN:4,(anonymous_1)
FN:13,(anonymous_2)
FNF:3
FNH:3
FNDA:9,(anonymous_0)
FNDA:13,(anonymous_1)
FNDA:13,(anonymous_2)
DA:1,1
DA:2,9
DA:5,13
DA:6,13
DA:7,13
DA:8,13
DA:13,1
DA:14,13
DA:15,13
DA:16,3
DA:18,10
DA:21,1
LF:12
LH:12
BRDA:15,0,0,3
BRDA:15,0,1,10
BRDA:15,1,0,13
BRDA:15,1,1,3
BRF:4
BRH:4
end_of_record
TN:
SF:archive\archived_snakeCase\snakeCase.js
FN:1,(anonymous_0)
FNF:1
FNH:1
FNDA:1,(anonymous_0)
DA:1,1
DA:6,1
LF:2
LH:2
BRF:0
BRH:0
end_of_record
TN:
SF:archive\archived_snakeCase\solution\snakeCase-solution.js
FN:1,(anonymous_0)
FNF:1
FNH:1
FNDA:6,(anonymous_0)
DA:1,1
DA:3,6
DA:6,6
DA:7,2
DA:10,6
DA:19,1
LF:6
LH:6
BRDA:6,0,0,2
BRDA:6,0,1,4
BRF:2
BRH:2
end_of_record
